<?xml version="1.0" encoding="UTF-8"?>
<!-- Generated by org.testng.reporters.JUnitReportReporter -->
<testsuite hostname="Sonalis-MBP" name="Test.day1" tests="2" failures="0" timestamp="20 Jan 2022 19:30:19 GMT" time="0.006" errors="0">
  <testcase name="Demo1" time="0.001" classname="Test.day1"/>
  <testcase name="Demo" time="0.005" classname="Test.day1"/>
</testsuite> <!-- Test.day1 -->
