<?xml version="1.0" encoding="UTF-8"?>
<!-- Generated by org.testng.reporters.JUnitReportReporter -->
<testsuite hostname="Sonalis-MBP" name="Test.day4" tests="1" failures="0" timestamp="20 Jan 2022 19:30:19 GMT" time="0.001" errors="0">
  <testcase name="WebloginHomeloan" time="0.001" classname="Test.day4"/>
</testsuite> <!-- Test.day4 -->
