<?xml version="1.0" encoding="UTF-8"?>
<!-- Generated by org.testng.reporters.JUnitReportReporter -->
<testsuite hostname="Sonalis-MBP" name="Test.day2" tests="1" failures="0" timestamp="20 Jan 2022 19:30:19 GMT" time="0.002" errors="0">
  <testcase name="FTest" time="0.002" classname="Test.day2"/>
</testsuite> <!-- Test.day2 -->
