<?xml version="1.0" encoding="UTF-8"?>
<!-- Generated by org.testng.reporters.JUnitReportReporter -->
<testsuite hostname="Sonalis-MBP" name="Test.day3" tests="6" failures="0" timestamp="20 Jan 2022 19:30:19 GMT" time="0.018" errors="0">
  <testcase name="WebloginCarloan" time="0.005" classname="Test.day3"/>
  <testcase name="SignIn" time="0.000" classname="Test.day3"/>
  <testcase name="SignIn" time="0.002" classname="Test.day3"/>
  <testcase name="SignIn" time="0.001" classname="Test.day3"/>
  <testcase name="MbileCarloan" time="0.009" classname="Test.day3"/>
  <testcase name="LoginAPIcarloan" time="0.001" classname="Test.day3"/>
</testsuite> <!-- Test.day3 -->
